29-Aug-2024 15:17:03.415 INFO [main] org.apache.catalina.startup.VersionLoggerListener.log 서버 버전 이름:    Apache Tomcat/9.0.93
29-Aug-2024 15:17:03.418 INFO [main] org.apache.catalina.startup.VersionLoggerListener.log Server 빌드 시각:  Aug 2 2024 21:24:59 UTC
29-Aug-2024 15:17:03.419 INFO [main] org.apache.catalina.startup.VersionLoggerListener.log Server 버전 번호:  9.0.93.0
29-Aug-2024 15:17:03.419 INFO [main] org.apache.catalina.startup.VersionLoggerListener.log 운영체제 이름:     Windows 11
29-Aug-2024 15:17:03.419 INFO [main] org.apache.catalina.startup.VersionLoggerListener.log 운영체제 버전:     10.0
29-Aug-2024 15:17:03.419 INFO [main] org.apache.catalina.startup.VersionLoggerListener.log 아키텍처:          amd64
29-Aug-2024 15:17:03.419 INFO [main] org.apache.catalina.startup.VersionLoggerListener.log 자바 홈:           C:\Program Files\Java\jdk-11.0.16
29-Aug-2024 15:17:03.420 INFO [main] org.apache.catalina.startup.VersionLoggerListener.log JVM 버전:          11.0.16+11-LTS-199
29-Aug-2024 15:17:03.420 INFO [main] org.apache.catalina.startup.VersionLoggerListener.log JVM 벤더:          Oracle Corporation
29-Aug-2024 15:17:03.420 INFO [main] org.apache.catalina.startup.VersionLoggerListener.log CATALINA_BASE:     C:\Users\minhoyoo\Desktop\OSP\apache-tomcat-9.0.93\apache-tomcat-9.0.93
29-Aug-2024 15:17:03.420 INFO [main] org.apache.catalina.startup.VersionLoggerListener.log CATALINA_HOME:     C:\Users\minhoyoo\Desktop\OSP\apache-tomcat-9.0.93\apache-tomcat-9.0.93
29-Aug-2024 15:17:03.433 INFO [main] org.apache.catalina.startup.VersionLoggerListener.log 명령 행 아규먼트:  --add-opens=java.base/java.lang=ALL-UNNAMED
29-Aug-2024 15:17:03.433 INFO [main] org.apache.catalina.startup.VersionLoggerListener.log 명령 행 아규먼트:  --add-opens=java.base/java.io=ALL-UNNAMED
29-Aug-2024 15:17:03.434 INFO [main] org.apache.catalina.startup.VersionLoggerListener.log 명령 행 아규먼트:  --add-opens=java.base/java.util=ALL-UNNAMED
29-Aug-2024 15:17:03.434 INFO [main] org.apache.catalina.startup.VersionLoggerListener.log 명령 행 아규먼트:  --add-opens=java.base/java.util.concurrent=ALL-UNNAMED
29-Aug-2024 15:17:03.434 INFO [main] org.apache.catalina.startup.VersionLoggerListener.log 명령 행 아규먼트:  --add-opens=java.rmi/sun.rmi.transport=ALL-UNNAMED
29-Aug-2024 15:17:03.434 INFO [main] org.apache.catalina.startup.VersionLoggerListener.log 명령 행 아규먼트:  -Djava.util.logging.config.file=C:\Users\minhoyoo\Desktop\OSP\apache-tomcat-9.0.93\apache-tomcat-9.0.93\conf\logging.properties
29-Aug-2024 15:17:03.434 INFO [main] org.apache.catalina.startup.VersionLoggerListener.log 명령 행 아규먼트:  -Djava.util.logging.manager=org.apache.juli.ClassLoaderLogManager
29-Aug-2024 15:17:03.435 INFO [main] org.apache.catalina.startup.VersionLoggerListener.log 명령 행 아규먼트:  -Djdk.tls.ephemeralDHKeySize=2048
29-Aug-2024 15:17:03.435 INFO [main] org.apache.catalina.startup.VersionLoggerListener.log 명령 행 아규먼트:  -Djava.protocol.handler.pkgs=org.apache.catalina.webresources
29-Aug-2024 15:17:03.435 INFO [main] org.apache.catalina.startup.VersionLoggerListener.log 명령 행 아규먼트:  -Dignore.endorsed.dirs=
29-Aug-2024 15:17:03.435 INFO [main] org.apache.catalina.startup.VersionLoggerListener.log 명령 행 아규먼트:  -Dcatalina.base=C:\Users\minhoyoo\Desktop\OSP\apache-tomcat-9.0.93\apache-tomcat-9.0.93
29-Aug-2024 15:17:03.435 INFO [main] org.apache.catalina.startup.VersionLoggerListener.log 명령 행 아규먼트:  -Dcatalina.home=C:\Users\minhoyoo\Desktop\OSP\apache-tomcat-9.0.93\apache-tomcat-9.0.93
29-Aug-2024 15:17:03.436 INFO [main] org.apache.catalina.startup.VersionLoggerListener.log 명령 행 아규먼트:  -Djava.io.tmpdir=C:\Users\minhoyoo\Desktop\OSP\apache-tomcat-9.0.93\apache-tomcat-9.0.93\temp
29-Aug-2024 15:17:03.445 INFO [main] org.apache.catalina.core.AprLifecycleListener.lifecycleEvent 프로덕션 환경들에서 최적의 성능을 제공하는, APR 기반 Apache Tomcat Native 라이브러리가, 다음 java.library.path에서 발견되지 않습니다: [C:\Program Files\Java\jdk-11.0.16\bin;C:\Windows\Sun\Java\bin;C:\Windows\system32;C:\Windows;C:\Users\minhoyoo\anaconda3\condabin;C:\Program Files (x86)\Eclipse Adoptium\jdk-17.0.11.9-hotspot\bin;C:\Program Files (x86)\VMware\VMware Player\bin;C:\Program Files (x86)\Razer Chroma SDK\bin;C:\Program Files\Razer Chroma SDK\bin;C:\Program Files (x86)\Razer\ChromaBroadcast\bin;C:\Program Files\Razer\ChromaBroadcast\bin;C:\Program Files\Common Files\Oracle\Java\javapath;C:\Windows\system32;C:\Windows;C:\Windows\System32\Wbem;C:\Windows\System32\WindowsPowerShell\v1.0;C:\Windows\System32\OpenSSH;C:\Program Files\Bandizip;C:\Program Files\Docker\Docker\resources\bin;C:\Users\minhoyoo\AppData\Roaming\nvm;C:\Program Files\nodejs;C:\Program Files\MongoDB\Server\6.0\bin;C:\ProgramData\chocolatey\bin;C:\Program Files\nodejs;C:\Windows\system32\config\systemprofile\AppData\Local\Microsoft\WindowsApps;C:\Program Files\TortoiseGit\bin;minho;C:\Program Files\nodejs;C:\Program Files\dotnet;C:\Program Files\Git\cmd;C:\Users\minhoyoo\anaconda3;C:\Users\minhoyoo\anaconda3\Library\mingw-w64\bin;C:\Users\minhoyoo\anaconda3\Library\usr\bin;C:\Users\minhoyoo\anaconda3\Library\bin;C:\Users\minhoyoo\anaconda3\Scripts;C:\Users\minhoyoo\AppData\Local\Programs\Python\Python312\Scripts;C:\Users\minhoyoo\AppData\Local\Programs\Python\Python312;C:\Users\minhoyoo\AppData\Local\Microsoft\WindowsApps;C:\Users\minhoyoo\AppData\Local\afreeca;C:\Users\minhoyoo\AppData\Roaming\nvm;C:\Program Files\nodejs;C:\Program Files\JetBrains\IntelliJ IDEA Community Edition 2023.1.1\bin;C:\Users\minhoyoo\AppData\Roaming\npm;C:\Users\minhoyoo\AppData\Local\JetBrains\Toolbox\scripts;C:\Users\minhoyoo\AppData\Local\Programs\Microsoft VS Code\bin;C:\Program Files\JetBrains\IntelliJ IDEA 2023.2.3\bin;.;C:\Users\minhoyoo\.dotnet\tools;.]
29-Aug-2024 15:17:03.686 INFO [main] org.apache.coyote.AbstractProtocol.init 프로토콜 핸들러 ["http-nio-8080"]을(를) 초기화합니다.
29-Aug-2024 15:17:03.719 INFO [main] org.apache.catalina.startup.Catalina.load [499] 밀리초 내에 서버가 초기화되었습니다.
29-Aug-2024 15:17:03.771 INFO [main] org.apache.catalina.core.StandardService.startInternal 서비스 [Catalina]을(를) 시작합니다.
29-Aug-2024 15:17:03.772 INFO [main] org.apache.catalina.core.StandardEngine.startInternal 서버 엔진을 시작합니다: [Apache Tomcat/9.0.93]
29-Aug-2024 15:17:03.782 INFO [main] org.apache.catalina.startup.HostConfig.deployDirectory 웹 애플리케이션 디렉토리 [C:\Users\minhoyoo\Desktop\OSP\apache-tomcat-9.0.93\apache-tomcat-9.0.93\webapps\docs]을(를) 배치합니다.
29-Aug-2024 15:17:04.010 INFO [main] org.apache.jasper.servlet.TldScanner.scanJars 적어도 하나의 JAR가 TLD들을 찾기 위해 스캔되었으나 아무 것도 찾지 못했습니다. 스캔했으나 TLD가 없는 JAR들의 전체 목록을 보시려면, 로그 레벨을 디버그 레벨로 설정하십시오. 스캔 과정에서 불필요한 JAR들을 건너뛰면, 시스템 시작 시간과 JSP 컴파일 시간을 단축시킬 수 있습니다.
29-Aug-2024 15:17:04.506 WARNING [main] org.apache.catalina.util.SessionIdGeneratorBase.createSecureRandom [SHA1PRNG] 알고리즘을 사용하여, 세션 ID를 생성하기 위한 SecureRandom 객체를 생성하는데, [475] 밀리초가 소요됐습니다.
29-Aug-2024 15:17:04.528 INFO [main] org.apache.catalina.startup.HostConfig.deployDirectory 웹 애플리케이션 디렉토리 [C:\Users\minhoyoo\Desktop\OSP\apache-tomcat-9.0.93\apache-tomcat-9.0.93\webapps\docs]에 대한 배치가 [746] 밀리초에 완료되었습니다.
29-Aug-2024 15:17:04.529 INFO [main] org.apache.catalina.startup.HostConfig.deployDirectory 웹 애플리케이션 디렉토리 [C:\Users\minhoyoo\Desktop\OSP\apache-tomcat-9.0.93\apache-tomcat-9.0.93\webapps\examples]을(를) 배치합니다.
29-Aug-2024 15:17:04.802 INFO [main] org.apache.jasper.servlet.TldScanner.scanJars 적어도 하나의 JAR가 TLD들을 찾기 위해 스캔되었으나 아무 것도 찾지 못했습니다. 스캔했으나 TLD가 없는 JAR들의 전체 목록을 보시려면, 로그 레벨을 디버그 레벨로 설정하십시오. 스캔 과정에서 불필요한 JAR들을 건너뛰면, 시스템 시작 시간과 JSP 컴파일 시간을 단축시킬 수 있습니다.
29-Aug-2024 15:17:04.859 INFO [main] org.apache.catalina.startup.HostConfig.deployDirectory 웹 애플리케이션 디렉토리 [C:\Users\minhoyoo\Desktop\OSP\apache-tomcat-9.0.93\apache-tomcat-9.0.93\webapps\examples]에 대한 배치가 [330] 밀리초에 완료되었습니다.
29-Aug-2024 15:17:04.860 INFO [main] org.apache.catalina.startup.HostConfig.deployDirectory 웹 애플리케이션 디렉토리 [C:\Users\minhoyoo\Desktop\OSP\apache-tomcat-9.0.93\apache-tomcat-9.0.93\webapps\host-manager]을(를) 배치합니다.
29-Aug-2024 15:17:04.907 INFO [main] org.apache.jasper.servlet.TldScanner.scanJars 적어도 하나의 JAR가 TLD들을 찾기 위해 스캔되었으나 아무 것도 찾지 못했습니다. 스캔했으나 TLD가 없는 JAR들의 전체 목록을 보시려면, 로그 레벨을 디버그 레벨로 설정하십시오. 스캔 과정에서 불필요한 JAR들을 건너뛰면, 시스템 시작 시간과 JSP 컴파일 시간을 단축시킬 수 있습니다.
29-Aug-2024 15:17:04.914 INFO [main] org.apache.catalina.startup.HostConfig.deployDirectory 웹 애플리케이션 디렉토리 [C:\Users\minhoyoo\Desktop\OSP\apache-tomcat-9.0.93\apache-tomcat-9.0.93\webapps\host-manager]에 대한 배치가 [54] 밀리초에 완료되었습니다.
29-Aug-2024 15:17:04.914 INFO [main] org.apache.catalina.startup.HostConfig.deployDirectory 웹 애플리케이션 디렉토리 [C:\Users\minhoyoo\Desktop\OSP\apache-tomcat-9.0.93\apache-tomcat-9.0.93\webapps\manager]을(를) 배치합니다.
29-Aug-2024 15:17:04.974 INFO [main] org.apache.jasper.servlet.TldScanner.scanJars 적어도 하나의 JAR가 TLD들을 찾기 위해 스캔되었으나 아무 것도 찾지 못했습니다. 스캔했으나 TLD가 없는 JAR들의 전체 목록을 보시려면, 로그 레벨을 디버그 레벨로 설정하십시오. 스캔 과정에서 불필요한 JAR들을 건너뛰면, 시스템 시작 시간과 JSP 컴파일 시간을 단축시킬 수 있습니다.
29-Aug-2024 15:17:04.977 INFO [main] org.apache.catalina.startup.HostConfig.deployDirectory 웹 애플리케이션 디렉토리 [C:\Users\minhoyoo\Desktop\OSP\apache-tomcat-9.0.93\apache-tomcat-9.0.93\webapps\manager]에 대한 배치가 [62] 밀리초에 완료되었습니다.
29-Aug-2024 15:17:04.977 INFO [main] org.apache.catalina.startup.HostConfig.deployDirectory 웹 애플리케이션 디렉토리 [C:\Users\minhoyoo\Desktop\OSP\apache-tomcat-9.0.93\apache-tomcat-9.0.93\webapps\ROOT]을(를) 배치합니다.
29-Aug-2024 15:17:05.019 INFO [main] org.apache.jasper.servlet.TldScanner.scanJars 적어도 하나의 JAR가 TLD들을 찾기 위해 스캔되었으나 아무 것도 찾지 못했습니다. 스캔했으나 TLD가 없는 JAR들의 전체 목록을 보시려면, 로그 레벨을 디버그 레벨로 설정하십시오. 스캔 과정에서 불필요한 JAR들을 건너뛰면, 시스템 시작 시간과 JSP 컴파일 시간을 단축시킬 수 있습니다.
29-Aug-2024 15:17:05.022 INFO [main] org.apache.catalina.startup.HostConfig.deployDirectory 웹 애플리케이션 디렉토리 [C:\Users\minhoyoo\Desktop\OSP\apache-tomcat-9.0.93\apache-tomcat-9.0.93\webapps\ROOT]에 대한 배치가 [44] 밀리초에 완료되었습니다.
29-Aug-2024 15:17:05.026 INFO [main] org.apache.coyote.AbstractProtocol.start 프로토콜 핸들러 ["http-nio-8080"]을(를) 시작합니다.
29-Aug-2024 15:17:05.541 INFO [main] org.apache.catalina.startup.Catalina.start 서버가 [1820] 밀리초 내에 시작되었습니다.
29-Aug-2024 15:18:41.405 INFO [Thread-1] org.apache.coyote.AbstractProtocol.pause 프로토콜 핸들러 ["http-nio-8080"]을(를) 일시 정지 중
29-Aug-2024 15:18:42.260 INFO [Thread-1] org.apache.catalina.core.StandardService.stopInternal 서비스 [Catalina]을(를) 중지시킵니다.
29-Aug-2024 15:18:42.298 INFO [Thread-1] org.apache.coyote.AbstractProtocol.stop 프로토콜 핸들러 ["http-nio-8080"]을(를) 중지시킵니다.
29-Aug-2024 15:18:42.315 INFO [Thread-1] org.apache.coyote.AbstractProtocol.destroy 프로토콜 핸들러 ["http-nio-8080"]을(를) 소멸시킵니다.
29-Aug-2024 15:18:50.421 INFO [main] org.apache.catalina.startup.VersionLoggerListener.log 서버 버전 이름:    Apache Tomcat/9.0.93
29-Aug-2024 15:18:50.424 INFO [main] org.apache.catalina.startup.VersionLoggerListener.log Server 빌드 시각:  Aug 2 2024 21:24:59 UTC
29-Aug-2024 15:18:50.424 INFO [main] org.apache.catalina.startup.VersionLoggerListener.log Server 버전 번호:  9.0.93.0
29-Aug-2024 15:18:50.424 INFO [main] org.apache.catalina.startup.VersionLoggerListener.log 운영체제 이름:     Windows 11
29-Aug-2024 15:18:50.425 INFO [main] org.apache.catalina.startup.VersionLoggerListener.log 운영체제 버전:     10.0
29-Aug-2024 15:18:50.425 INFO [main] org.apache.catalina.startup.VersionLoggerListener.log 아키텍처:          amd64
29-Aug-2024 15:18:50.425 INFO [main] org.apache.catalina.startup.VersionLoggerListener.log 자바 홈:           C:\Program Files\Java\jdk-11.0.16
29-Aug-2024 15:18:50.425 INFO [main] org.apache.catalina.startup.VersionLoggerListener.log JVM 버전:          11.0.16+11-LTS-199
29-Aug-2024 15:18:50.425 INFO [main] org.apache.catalina.startup.VersionLoggerListener.log JVM 벤더:          Oracle Corporation
29-Aug-2024 15:18:50.426 INFO [main] org.apache.catalina.startup.VersionLoggerListener.log CATALINA_BASE:     C:\Users\minhoyoo\Desktop\OSP\apache-tomcat-9.0.93\apache-tomcat-9.0.93
29-Aug-2024 15:18:50.426 INFO [main] org.apache.catalina.startup.VersionLoggerListener.log CATALINA_HOME:     C:\Users\minhoyoo\Desktop\OSP\apache-tomcat-9.0.93\apache-tomcat-9.0.93
29-Aug-2024 15:18:50.435 INFO [main] org.apache.catalina.startup.VersionLoggerListener.log 명령 행 아규먼트:  --add-opens=java.base/java.lang=ALL-UNNAMED
29-Aug-2024 15:18:50.435 INFO [main] org.apache.catalina.startup.VersionLoggerListener.log 명령 행 아규먼트:  --add-opens=java.base/java.io=ALL-UNNAMED
29-Aug-2024 15:18:50.435 INFO [main] org.apache.catalina.startup.VersionLoggerListener.log 명령 행 아규먼트:  --add-opens=java.base/java.util=ALL-UNNAMED
29-Aug-2024 15:18:50.436 INFO [main] org.apache.catalina.startup.VersionLoggerListener.log 명령 행 아규먼트:  --add-opens=java.base/java.util.concurrent=ALL-UNNAMED
29-Aug-2024 15:18:50.436 INFO [main] org.apache.catalina.startup.VersionLoggerListener.log 명령 행 아규먼트:  --add-opens=java.rmi/sun.rmi.transport=ALL-UNNAMED
29-Aug-2024 15:18:50.436 INFO [main] org.apache.catalina.startup.VersionLoggerListener.log 명령 행 아규먼트:  -Djava.util.logging.config.file=C:\Users\minhoyoo\Desktop\OSP\apache-tomcat-9.0.93\apache-tomcat-9.0.93\conf\logging.properties
29-Aug-2024 15:18:50.437 INFO [main] org.apache.catalina.startup.VersionLoggerListener.log 명령 행 아규먼트:  -Djava.util.logging.manager=org.apache.juli.ClassLoaderLogManager
29-Aug-2024 15:18:50.437 INFO [main] org.apache.catalina.startup.VersionLoggerListener.log 명령 행 아규먼트:  -Djdk.tls.ephemeralDHKeySize=2048
29-Aug-2024 15:18:50.437 INFO [main] org.apache.catalina.startup.VersionLoggerListener.log 명령 행 아규먼트:  -Djava.protocol.handler.pkgs=org.apache.catalina.webresources
29-Aug-2024 15:18:50.438 INFO [main] org.apache.catalina.startup.VersionLoggerListener.log 명령 행 아규먼트:  -Dignore.endorsed.dirs=
29-Aug-2024 15:18:50.438 INFO [main] org.apache.catalina.startup.VersionLoggerListener.log 명령 행 아규먼트:  -Dcatalina.base=C:\Users\minhoyoo\Desktop\OSP\apache-tomcat-9.0.93\apache-tomcat-9.0.93
29-Aug-2024 15:18:50.438 INFO [main] org.apache.catalina.startup.VersionLoggerListener.log 명령 행 아규먼트:  -Dcatalina.home=C:\Users\minhoyoo\Desktop\OSP\apache-tomcat-9.0.93\apache-tomcat-9.0.93
29-Aug-2024 15:18:50.438 INFO [main] org.apache.catalina.startup.VersionLoggerListener.log 명령 행 아규먼트:  -Djava.io.tmpdir=C:\Users\minhoyoo\Desktop\OSP\apache-tomcat-9.0.93\apache-tomcat-9.0.93\temp
29-Aug-2024 15:18:50.454 INFO [main] org.apache.catalina.core.AprLifecycleListener.lifecycleEvent 프로덕션 환경들에서 최적의 성능을 제공하는, APR 기반 Apache Tomcat Native 라이브러리가, 다음 java.library.path에서 발견되지 않습니다: [C:\Program Files\Java\jdk-11.0.16\bin;C:\Windows\Sun\Java\bin;C:\Windows\system32;C:\Windows;C:\Users\minhoyoo\anaconda3\condabin;C:\Program Files (x86)\Eclipse Adoptium\jdk-17.0.11.9-hotspot\bin;C:\Program Files (x86)\VMware\VMware Player\bin;C:\Program Files (x86)\Razer Chroma SDK\bin;C:\Program Files\Razer Chroma SDK\bin;C:\Program Files (x86)\Razer\ChromaBroadcast\bin;C:\Program Files\Razer\ChromaBroadcast\bin;C:\Program Files\Common Files\Oracle\Java\javapath;C:\Windows\system32;C:\Windows;C:\Windows\System32\Wbem;C:\Windows\System32\WindowsPowerShell\v1.0;C:\Windows\System32\OpenSSH;C:\Program Files\Bandizip;C:\Program Files\Docker\Docker\resources\bin;C:\Users\minhoyoo\AppData\Roaming\nvm;C:\Program Files\nodejs;C:\Program Files\MongoDB\Server\6.0\bin;C:\ProgramData\chocolatey\bin;C:\Program Files\nodejs;C:\Windows\system32\config\systemprofile\AppData\Local\Microsoft\WindowsApps;C:\Program Files\TortoiseGit\bin;minho;C:\Program Files\nodejs;C:\Program Files\dotnet;C:\Program Files\Git\cmd;C:\Users\minhoyoo\anaconda3;C:\Users\minhoyoo\anaconda3\Library\mingw-w64\bin;C:\Users\minhoyoo\anaconda3\Library\usr\bin;C:\Users\minhoyoo\anaconda3\Library\bin;C:\Users\minhoyoo\anaconda3\Scripts;C:\Users\minhoyoo\AppData\Local\Programs\Python\Python312\Scripts;C:\Users\minhoyoo\AppData\Local\Programs\Python\Python312;C:\Users\minhoyoo\AppData\Local\Microsoft\WindowsApps;C:\Users\minhoyoo\AppData\Local\afreeca;C:\Users\minhoyoo\AppData\Roaming\nvm;C:\Program Files\nodejs;C:\Program Files\JetBrains\IntelliJ IDEA Community Edition 2023.1.1\bin;C:\Users\minhoyoo\AppData\Roaming\npm;C:\Users\minhoyoo\AppData\Local\JetBrains\Toolbox\scripts;C:\Users\minhoyoo\AppData\Local\Programs\Microsoft VS Code\bin;C:\Program Files\JetBrains\IntelliJ IDEA 2023.2.3\bin;.;C:\Users\minhoyoo\.dotnet\tools;.]
29-Aug-2024 15:18:50.685 INFO [main] org.apache.coyote.AbstractProtocol.init 프로토콜 핸들러 ["http-nio-8080"]을(를) 초기화합니다.
29-Aug-2024 15:18:50.714 INFO [main] org.apache.catalina.startup.Catalina.load [463] 밀리초 내에 서버가 초기화되었습니다.
29-Aug-2024 15:18:50.761 INFO [main] org.apache.catalina.core.StandardService.startInternal 서비스 [Catalina]을(를) 시작합니다.
29-Aug-2024 15:18:50.761 INFO [main] org.apache.catalina.core.StandardEngine.startInternal 서버 엔진을 시작합니다: [Apache Tomcat/9.0.93]
29-Aug-2024 15:18:50.769 INFO [main] org.apache.catalina.startup.HostConfig.deployDirectory 웹 애플리케이션 디렉토리 [C:\Users\minhoyoo\Desktop\OSP\apache-tomcat-9.0.93\apache-tomcat-9.0.93\webapps\docs]을(를) 배치합니다.
29-Aug-2024 15:18:50.972 INFO [main] org.apache.jasper.servlet.TldScanner.scanJars 적어도 하나의 JAR가 TLD들을 찾기 위해 스캔되었으나 아무 것도 찾지 못했습니다. 스캔했으나 TLD가 없는 JAR들의 전체 목록을 보시려면, 로그 레벨을 디버그 레벨로 설정하십시오. 스캔 과정에서 불필요한 JAR들을 건너뛰면, 시스템 시작 시간과 JSP 컴파일 시간을 단축시킬 수 있습니다.
29-Aug-2024 15:18:51.455 WARNING [main] org.apache.catalina.util.SessionIdGeneratorBase.createSecureRandom [SHA1PRNG] 알고리즘을 사용하여, 세션 ID를 생성하기 위한 SecureRandom 객체를 생성하는데, [460] 밀리초가 소요됐습니다.
29-Aug-2024 15:18:51.481 INFO [main] org.apache.catalina.startup.HostConfig.deployDirectory 웹 애플리케이션 디렉토리 [C:\Users\minhoyoo\Desktop\OSP\apache-tomcat-9.0.93\apache-tomcat-9.0.93\webapps\docs]에 대한 배치가 [712] 밀리초에 완료되었습니다.
29-Aug-2024 15:18:51.482 INFO [main] org.apache.catalina.startup.HostConfig.deployDirectory 웹 애플리케이션 디렉토리 [C:\Users\minhoyoo\Desktop\OSP\apache-tomcat-9.0.93\apache-tomcat-9.0.93\webapps\examples]을(를) 배치합니다.
29-Aug-2024 15:18:51.760 INFO [main] org.apache.jasper.servlet.TldScanner.scanJars 적어도 하나의 JAR가 TLD들을 찾기 위해 스캔되었으나 아무 것도 찾지 못했습니다. 스캔했으나 TLD가 없는 JAR들의 전체 목록을 보시려면, 로그 레벨을 디버그 레벨로 설정하십시오. 스캔 과정에서 불필요한 JAR들을 건너뛰면, 시스템 시작 시간과 JSP 컴파일 시간을 단축시킬 수 있습니다.
29-Aug-2024 15:18:51.806 INFO [main] org.apache.catalina.startup.HostConfig.deployDirectory 웹 애플리케이션 디렉토리 [C:\Users\minhoyoo\Desktop\OSP\apache-tomcat-9.0.93\apache-tomcat-9.0.93\webapps\examples]에 대한 배치가 [324] 밀리초에 완료되었습니다.
29-Aug-2024 15:18:51.807 INFO [main] org.apache.catalina.startup.HostConfig.deployDirectory 웹 애플리케이션 디렉토리 [C:\Users\minhoyoo\Desktop\OSP\apache-tomcat-9.0.93\apache-tomcat-9.0.93\webapps\host-manager]을(를) 배치합니다.
29-Aug-2024 15:18:51.845 INFO [main] org.apache.jasper.servlet.TldScanner.scanJars 적어도 하나의 JAR가 TLD들을 찾기 위해 스캔되었으나 아무 것도 찾지 못했습니다. 스캔했으나 TLD가 없는 JAR들의 전체 목록을 보시려면, 로그 레벨을 디버그 레벨로 설정하십시오. 스캔 과정에서 불필요한 JAR들을 건너뛰면, 시스템 시작 시간과 JSP 컴파일 시간을 단축시킬 수 있습니다.
29-Aug-2024 15:18:51.850 INFO [main] org.apache.catalina.startup.HostConfig.deployDirectory 웹 애플리케이션 디렉토리 [C:\Users\minhoyoo\Desktop\OSP\apache-tomcat-9.0.93\apache-tomcat-9.0.93\webapps\host-manager]에 대한 배치가 [43] 밀리초에 완료되었습니다.
29-Aug-2024 15:18:51.851 INFO [main] org.apache.catalina.startup.HostConfig.deployDirectory 웹 애플리케이션 디렉토리 [C:\Users\minhoyoo\Desktop\OSP\apache-tomcat-9.0.93\apache-tomcat-9.0.93\webapps\manager]을(를) 배치합니다.
29-Aug-2024 15:18:51.891 INFO [main] org.apache.jasper.servlet.TldScanner.scanJars 적어도 하나의 JAR가 TLD들을 찾기 위해 스캔되었으나 아무 것도 찾지 못했습니다. 스캔했으나 TLD가 없는 JAR들의 전체 목록을 보시려면, 로그 레벨을 디버그 레벨로 설정하십시오. 스캔 과정에서 불필요한 JAR들을 건너뛰면, 시스템 시작 시간과 JSP 컴파일 시간을 단축시킬 수 있습니다.
29-Aug-2024 15:18:51.893 INFO [main] org.apache.catalina.startup.HostConfig.deployDirectory 웹 애플리케이션 디렉토리 [C:\Users\minhoyoo\Desktop\OSP\apache-tomcat-9.0.93\apache-tomcat-9.0.93\webapps\manager]에 대한 배치가 [43] 밀리초에 완료되었습니다.
29-Aug-2024 15:18:51.894 INFO [main] org.apache.catalina.startup.HostConfig.deployDirectory 웹 애플리케이션 디렉토리 [C:\Users\minhoyoo\Desktop\OSP\apache-tomcat-9.0.93\apache-tomcat-9.0.93\webapps\ROOT]을(를) 배치합니다.
29-Aug-2024 15:18:51.925 INFO [main] org.apache.jasper.servlet.TldScanner.scanJars 적어도 하나의 JAR가 TLD들을 찾기 위해 스캔되었으나 아무 것도 찾지 못했습니다. 스캔했으나 TLD가 없는 JAR들의 전체 목록을 보시려면, 로그 레벨을 디버그 레벨로 설정하십시오. 스캔 과정에서 불필요한 JAR들을 건너뛰면, 시스템 시작 시간과 JSP 컴파일 시간을 단축시킬 수 있습니다.
29-Aug-2024 15:18:51.927 INFO [main] org.apache.catalina.startup.HostConfig.deployDirectory 웹 애플리케이션 디렉토리 [C:\Users\minhoyoo\Desktop\OSP\apache-tomcat-9.0.93\apache-tomcat-9.0.93\webapps\ROOT]에 대한 배치가 [34] 밀리초에 완료되었습니다.
29-Aug-2024 15:18:51.932 INFO [main] org.apache.coyote.AbstractProtocol.start 프로토콜 핸들러 ["http-nio-8080"]을(를) 시작합니다.
29-Aug-2024 15:18:52.318 INFO [main] org.apache.catalina.startup.Catalina.start 서버가 [1603] 밀리초 내에 시작되었습니다.
